<?xml version="1.0" encoding="UTF-8"?>
<!-- Generated by org.testng.reporters.JUnitXMLReporter -->
<testsuite ignored="0" hostname="BO" failures="0" tests="3" name="ExelenterTestNgProject" time="21.107" errors="0" timestamp="2023-02-13T22:09:38 EST">
  <testcase classname="com.exelenter.class04._05DataProvider" name="addEmployees" time="2.93"/>
  <testcase classname="com.exelenter.class04._05DataProvider" name="addEmployees" time="3.062"/>
  <testcase classname="com.exelenter.class04._05DataProvider" name="addEmployees" time="3.19"/>
</testsuite> <!-- ExelenterTestNgProject -->
