<?xml version="1.0" encoding="UTF-8"?>
<!-- Generated by org.testng.reporters.JUnitXMLReporter -->
<testsuite ignored="2" hostname="BO" failures="0" tests="1" name="ExelenterTestNgProject" time="4.36" errors="0" timestamp="2023-02-08T14:42:39 EST">
  <testcase classname="tests.LoginTest" name="validUserEmptyPassword" time="0.25"/>
  <testcase classname="tests.LoginTest" name="validAdminLogin" time="0.0">
    <ignored/>
  </testcase> <!-- validAdminLogin -->
  <testcase classname="tests.LoginTest" name="validUserInvalidPassword" time="0.0">
    <ignored/>
  </testcase> <!-- validUserInvalidPassword -->
</testsuite> <!-- ExelenterTestNgProject -->
