<?xml version="1.0" encoding="UTF-8"?>
<!-- Generated by org.testng.reporters.JUnitXMLReporter -->
<testsuite ignored="2" hostname="BO" failures="0" tests="2" name="Group Test" time="0.031" errors="0" timestamp="2023-02-13T05:22:52 EST">
  <testcase classname="com.exelenter.class04._01GroupDemo" name="test2" time="0.003"/>
  <testcase classname="com.exelenter.class04._01GroupDemo" name="test4" time="0.001"/>
  <testcase classname="com.exelenter.class04._01GroupDemo" name="test1" time="0.0">
    <ignored/>
  </testcase> <!-- test1 -->
  <testcase classname="com.exelenter.class04._01GroupDemo" name="test3" time="0.0">
    <ignored/>
  </testcase> <!-- test3 -->
</testsuite> <!-- Group Test -->
