<?xml version="1.0" encoding="UTF-8"?>
<testng-results ignored="0" total="10" passed="10" failed="0" skipped="0">
  <reporter-output>
  </reporter-output>
  <suite started-at="2023-02-15T21:50:52 EST" name="Default Suite" finished-at="2023-02-15T21:52:15 EST" duration-ms="83266">
    <groups>
    </groups>
    <test started-at="2023-02-15T21:50:52 EST" name="ExelenterTestNgProject" finished-at="2023-02-15T21:52:15 EST" duration-ms="83266">
      <class name="com.exelenter.class04._06HW">
        <test-method is-config="true" signature="setUp()[pri:0, instance:com.exelenter.class04._06HW@79b06cab]" started-at="2023-02-15T21:50:52 EST" name="setUp" finished-at="2023-02-15T21:50:54 EST" duration-ms="2171" status="PASS">
          <reporter-output>
          </reporter-output>
        </test-method> <!-- setUp -->
        <test-method signature="addEmployees(java.lang.String,java.lang.String,java.lang.String)[pri:0, instance:com.exelenter.class04._06HW@79b06cab]" started-at="2023-02-15T21:50:54 EST" name="addEmployees" data-provider="addEmployee" finished-at="2023-02-15T21:50:59 EST" duration-ms="5072" status="PASS">
          <params>
            <param index="0">
              <value>
                <![CDATA[Johnny]]>
              </value>
            </param>
            <param index="1">
              <value>
                <![CDATA[Rip]]>
              </value>
            </param>
            <param index="2">
              <value>
                <![CDATA[dU)3bL]3rY]5]]>
              </value>
            </param>
          </params>
          <reporter-output>
          </reporter-output>
        </test-method> <!-- addEmployees -->
        <test-method is-config="true" signature="tearDown()[pri:0, instance:com.exelenter.class04._06HW@79b06cab]" started-at="2023-02-15T21:50:59 EST" name="tearDown" finished-at="2023-02-15T21:51:01 EST" duration-ms="2226" status="PASS">
          <reporter-output>
          </reporter-output>
        </test-method> <!-- tearDown -->
        <test-method is-config="true" signature="setUp()[pri:0, instance:com.exelenter.class04._06HW@79b06cab]" started-at="2023-02-15T21:51:01 EST" name="setUp" finished-at="2023-02-15T21:51:02 EST" duration-ms="1328" status="PASS">
          <reporter-output>
          </reporter-output>
        </test-method> <!-- setUp -->
        <test-method signature="addEmployees(java.lang.String,java.lang.String,java.lang.String)[pri:0, instance:com.exelenter.class04._06HW@79b06cab]" started-at="2023-02-15T21:51:02 EST" name="addEmployees" data-provider="addEmployee" finished-at="2023-02-15T21:51:08 EST" duration-ms="5568" status="PASS">
          <params>
            <param index="0">
              <value>
                <![CDATA[Beth]]>
              </value>
            </param>
            <param index="1">
              <value>
                <![CDATA[Dutton]]>
              </value>
            </param>
            <param index="2">
              <value>
                <![CDATA[aB-2jP]3yE-7]]>
              </value>
            </param>
          </params>
          <reporter-output>
          </reporter-output>
        </test-method> <!-- addEmployees -->
        <test-method is-config="true" signature="tearDown()[pri:0, instance:com.exelenter.class04._06HW@79b06cab]" started-at="2023-02-15T21:51:08 EST" name="tearDown" finished-at="2023-02-15T21:51:10 EST" duration-ms="2262" status="PASS">
          <reporter-output>
          </reporter-output>
        </test-method> <!-- tearDown -->
        <test-method is-config="true" signature="setUp()[pri:0, instance:com.exelenter.class04._06HW@79b06cab]" started-at="2023-02-15T21:51:10 EST" name="setUp" finished-at="2023-02-15T21:51:12 EST" duration-ms="1294" status="PASS">
          <reporter-output>
          </reporter-output>
        </test-method> <!-- setUp -->
        <test-method signature="addEmployees(java.lang.String,java.lang.String,java.lang.String)[pri:0, instance:com.exelenter.class04._06HW@79b06cab]" started-at="2023-02-15T21:51:12 EST" name="addEmployees" data-provider="addEmployee" finished-at="2023-02-15T21:51:17 EST" duration-ms="4987" status="PASS">
          <params>
            <param index="0">
              <value>
                <![CDATA[Carl]]>
              </value>
            </param>
            <param index="1">
              <value>
                <![CDATA[Roe]]>
              </value>
            </param>
            <param index="2">
              <value>
                <![CDATA[cN%5wX{4dY)4]]>
              </value>
            </param>
          </params>
          <reporter-output>
          </reporter-output>
        </test-method> <!-- addEmployees -->
        <test-method is-config="true" signature="tearDown()[pri:0, instance:com.exelenter.class04._06HW@79b06cab]" started-at="2023-02-15T21:51:17 EST" name="tearDown" finished-at="2023-02-15T21:51:19 EST" duration-ms="2198" status="PASS">
          <reporter-output>
          </reporter-output>
        </test-method> <!-- tearDown -->
        <test-method is-config="true" signature="setUp()[pri:0, instance:com.exelenter.class04._06HW@79b06cab]" started-at="2023-02-15T21:51:19 EST" name="setUp" finished-at="2023-02-15T21:51:20 EST" duration-ms="1558" status="PASS">
          <reporter-output>
          </reporter-output>
        </test-method> <!-- setUp -->
        <test-method signature="addEmployees(java.lang.String,java.lang.String,java.lang.String)[pri:0, instance:com.exelenter.class04._06HW@79b06cab]" started-at="2023-02-15T21:51:20 EST" name="addEmployees" data-provider="addEmployee" finished-at="2023-02-15T21:51:26 EST" duration-ms="5314" status="PASS">
          <params>
            <param index="0">
              <value>
                <![CDATA[Ali]]>
              </value>
            </param>
            <param index="1">
              <value>
                <![CDATA[Vali]]>
              </value>
            </param>
            <param index="2">
              <value>
                <![CDATA[nU)5iH.0rM%4]]>
              </value>
            </param>
          </params>
          <reporter-output>
          </reporter-output>
        </test-method> <!-- addEmployees -->
        <test-method is-config="true" signature="tearDown()[pri:0, instance:com.exelenter.class04._06HW@79b06cab]" started-at="2023-02-15T21:51:26 EST" name="tearDown" finished-at="2023-02-15T21:51:28 EST" duration-ms="2219" status="PASS">
          <reporter-output>
          </reporter-output>
        </test-method> <!-- tearDown -->
        <test-method is-config="true" signature="setUp()[pri:0, instance:com.exelenter.class04._06HW@79b06cab]" started-at="2023-02-15T21:51:28 EST" name="setUp" finished-at="2023-02-15T21:51:29 EST" duration-ms="1317" status="PASS">
          <reporter-output>
          </reporter-output>
        </test-method> <!-- setUp -->
        <test-method signature="addEmployees(java.lang.String,java.lang.String,java.lang.String)[pri:0, instance:com.exelenter.class04._06HW@79b06cab]" started-at="2023-02-15T21:51:29 EST" name="addEmployees" data-provider="addEmployee" finished-at="2023-02-15T21:51:34 EST" duration-ms="5049" status="PASS">
          <params>
            <param index="0">
              <value>
                <![CDATA[Taylor]]>
              </value>
            </param>
            <param index="1">
              <value>
                <![CDATA[Donn]]>
              </value>
            </param>
            <param index="2">
              <value>
                <![CDATA[bH,8iU*8bB~0]]>
              </value>
            </param>
          </params>
          <reporter-output>
          </reporter-output>
        </test-method> <!-- addEmployees -->
        <test-method is-config="true" signature="tearDown()[pri:0, instance:com.exelenter.class04._06HW@79b06cab]" started-at="2023-02-15T21:51:34 EST" name="tearDown" finished-at="2023-02-15T21:51:36 EST" duration-ms="2169" status="PASS">
          <reporter-output>
          </reporter-output>
        </test-method> <!-- tearDown -->
        <test-method is-config="true" signature="setUp()[pri:0, instance:com.exelenter.class04._06HW@79b06cab]" started-at="2023-02-15T21:51:36 EST" name="setUp" finished-at="2023-02-15T21:51:38 EST" duration-ms="1264" status="PASS">
          <reporter-output>
          </reporter-output>
        </test-method> <!-- setUp -->
        <test-method signature="deleteUsers(java.lang.String,java.lang.String,java.lang.String)[pri:0, instance:com.exelenter.class04._06HW@79b06cab]" started-at="2023-02-15T21:51:38 EST" name="deleteUsers" data-provider="addEmployee" finished-at="2023-02-15T21:51:42 EST" depends-on-methods="com.exelenter.class04._06HW.addEmployees" duration-ms="4455" status="PASS">
          <params>
            <param index="0">
              <value>
                <![CDATA[Johnny]]>
              </value>
            </param>
            <param index="1">
              <value>
                <![CDATA[Rip]]>
              </value>
            </param>
            <param index="2">
              <value>
                <![CDATA[kA_3lS^9bL#8]]>
              </value>
            </param>
          </params>
          <reporter-output>
          </reporter-output>
        </test-method> <!-- deleteUsers -->
        <test-method is-config="true" signature="tearDown()[pri:0, instance:com.exelenter.class04._06HW@79b06cab]" started-at="2023-02-15T21:51:42 EST" name="tearDown" finished-at="2023-02-15T21:51:44 EST" duration-ms="2139" status="PASS">
          <reporter-output>
          </reporter-output>
        </test-method> <!-- tearDown -->
        <test-method is-config="true" signature="setUp()[pri:0, instance:com.exelenter.class04._06HW@79b06cab]" started-at="2023-02-15T21:51:44 EST" name="setUp" finished-at="2023-02-15T21:51:46 EST" duration-ms="1325" status="PASS">
          <reporter-output>
          </reporter-output>
        </test-method> <!-- setUp -->
        <test-method signature="deleteUsers(java.lang.String,java.lang.String,java.lang.String)[pri:0, instance:com.exelenter.class04._06HW@79b06cab]" started-at="2023-02-15T21:51:46 EST" name="deleteUsers" data-provider="addEmployee" finished-at="2023-02-15T21:51:50 EST" depends-on-methods="com.exelenter.class04._06HW.addEmployees" duration-ms="3997" status="PASS">
          <params>
            <param index="0">
              <value>
                <![CDATA[Beth]]>
              </value>
            </param>
            <param index="1">
              <value>
                <![CDATA[Dutton]]>
              </value>
            </param>
            <param index="2">
              <value>
                <![CDATA[xI]4hX[2tP!8]]>
              </value>
            </param>
          </params>
          <reporter-output>
          </reporter-output>
        </test-method> <!-- deleteUsers -->
        <test-method is-config="true" signature="tearDown()[pri:0, instance:com.exelenter.class04._06HW@79b06cab]" started-at="2023-02-15T21:51:50 EST" name="tearDown" finished-at="2023-02-15T21:51:52 EST" duration-ms="2152" status="PASS">
          <reporter-output>
          </reporter-output>
        </test-method> <!-- tearDown -->
        <test-method is-config="true" signature="setUp()[pri:0, instance:com.exelenter.class04._06HW@79b06cab]" started-at="2023-02-15T21:51:52 EST" name="setUp" finished-at="2023-02-15T21:51:53 EST" duration-ms="1247" status="PASS">
          <reporter-output>
          </reporter-output>
        </test-method> <!-- setUp -->
        <test-method signature="deleteUsers(java.lang.String,java.lang.String,java.lang.String)[pri:0, instance:com.exelenter.class04._06HW@79b06cab]" started-at="2023-02-15T21:51:53 EST" name="deleteUsers" data-provider="addEmployee" finished-at="2023-02-15T21:51:57 EST" depends-on-methods="com.exelenter.class04._06HW.addEmployees" duration-ms="4046" status="PASS">
          <params>
            <param index="0">
              <value>
                <![CDATA[Carl]]>
              </value>
            </param>
            <param index="1">
              <value>
                <![CDATA[Roe]]>
              </value>
            </param>
            <param index="2">
              <value>
                <![CDATA[cU(4uH$8wZ^7]]>
              </value>
            </param>
          </params>
          <reporter-output>
          </reporter-output>
        </test-method> <!-- deleteUsers -->
        <test-method is-config="true" signature="tearDown()[pri:0, instance:com.exelenter.class04._06HW@79b06cab]" started-at="2023-02-15T21:51:57 EST" name="tearDown" finished-at="2023-02-15T21:51:59 EST" duration-ms="2167" status="PASS">
          <reporter-output>
          </reporter-output>
        </test-method> <!-- tearDown -->
        <test-method is-config="true" signature="setUp()[pri:0, instance:com.exelenter.class04._06HW@79b06cab]" started-at="2023-02-15T21:51:59 EST" name="setUp" finished-at="2023-02-15T21:52:00 EST" duration-ms="1234" status="PASS">
          <reporter-output>
          </reporter-output>
        </test-method> <!-- setUp -->
        <test-method signature="deleteUsers(java.lang.String,java.lang.String,java.lang.String)[pri:0, instance:com.exelenter.class04._06HW@79b06cab]" started-at="2023-02-15T21:52:00 EST" name="deleteUsers" data-provider="addEmployee" finished-at="2023-02-15T21:52:05 EST" depends-on-methods="com.exelenter.class04._06HW.addEmployees" duration-ms="4552" status="PASS">
          <params>
            <param index="0">
              <value>
                <![CDATA[Ali]]>
              </value>
            </param>
            <param index="1">
              <value>
                <![CDATA[Vali]]>
              </value>
            </param>
            <param index="2">
              <value>
                <![CDATA[lW;6tT@2uJ.5]]>
              </value>
            </param>
          </params>
          <reporter-output>
          </reporter-output>
        </test-method> <!-- deleteUsers -->
        <test-method is-config="true" signature="tearDown()[pri:0, instance:com.exelenter.class04._06HW@79b06cab]" started-at="2023-02-15T21:52:05 EST" name="tearDown" finished-at="2023-02-15T21:52:07 EST" duration-ms="2170" status="PASS">
          <reporter-output>
          </reporter-output>
        </test-method> <!-- tearDown -->
        <test-method is-config="true" signature="setUp()[pri:0, instance:com.exelenter.class04._06HW@79b06cab]" started-at="2023-02-15T21:52:07 EST" name="setUp" finished-at="2023-02-15T21:52:08 EST" duration-ms="1267" status="PASS">
          <reporter-output>
          </reporter-output>
        </test-method> <!-- setUp -->
        <test-method signature="deleteUsers(java.lang.String,java.lang.String,java.lang.String)[pri:0, instance:com.exelenter.class04._06HW@79b06cab]" started-at="2023-02-15T21:52:08 EST" name="deleteUsers" data-provider="addEmployee" finished-at="2023-02-15T21:52:13 EST" depends-on-methods="com.exelenter.class04._06HW.addEmployees" duration-ms="4307" status="PASS">
          <params>
            <param index="0">
              <value>
                <![CDATA[Taylor]]>
              </value>
            </param>
            <param index="1">
              <value>
                <![CDATA[Donn]]>
              </value>
            </param>
            <param index="2">
              <value>
                <![CDATA[hJ~3iR&5uN,9]]>
              </value>
            </param>
          </params>
          <reporter-output>
          </reporter-output>
        </test-method> <!-- deleteUsers -->
        <test-method is-config="true" signature="tearDown()[pri:0, instance:com.exelenter.class04._06HW@79b06cab]" started-at="2023-02-15T21:52:13 EST" name="tearDown" finished-at="2023-02-15T21:52:15 EST" duration-ms="2171" status="PASS">
          <reporter-output>
          </reporter-output>
        </test-method> <!-- tearDown -->
      </class> <!-- com.exelenter.class04._06HW -->
    </test> <!-- ExelenterTestNgProject -->
  </suite> <!-- Default Suite -->
</testng-results>
